SF:lib/game_state_view_model.dart
DA:9,2
DA:10,4
DA:11,2
DA:14,2
DA:15,4
DA:16,2
DA:19,1
DA:20,2
DA:21,1
DA:24,0
DA:25,0
DA:26,0
DA:29,0
DA:30,0
DA:31,0
DA:32,0
DA:33,0
DA:34,0
DA:35,0
DA:36,0
DA:39,0
DA:40,0
DA:41,0
DA:44,0
DA:47,0
DA:48,0
DA:49,0
DA:50,0
DA:51,0
DA:53,0
DA:54,0
DA:56,0
DA:59,2
DA:60,0
DA:61,0
DA:62,0
DA:63,0
DA:64,0
DA:65,0
DA:66,0
DA:67,0
DA:68,0
DA:69,0
DA:70,0
DA:71,0
DA:74,0
DA:75,0
DA:77,0
DA:80,0
DA:85,0
DA:86,0
DA:87,0
DA:90,0
DA:91,0
DA:92,0
DA:95,0
DA:96,0
DA:97,0
LF:58
LH:10
end_of_record
SF:lib/alerts.dart
DA:17,0
DA:18,0
DA:21,0
DA:22,0
DA:23,0
DA:24,0
DA:25,0
DA:28,0
DA:29,0
DA:30,0
DA:31,0
DA:33,0
DA:34,0
DA:36,0
DA:39,0
DA:40,0
DA:45,0
DA:46,0
DA:47,0
DA:48,0
DA:51,0
DA:54,0
DA:57,0
DA:58,0
DA:59,0
DA:61,0
DA:63,0
DA:64,0
DA:65,0
DA:70,0
DA:71,0
DA:76,0
DA:77,0
DA:79,0
DA:80,0
DA:81,0
DA:82,0
DA:84,0
DA:88,0
DA:94,0
DA:95,0
DA:96,0
DA:97,0
DA:98,0
DA:99,0
DA:100,0
DA:101,0
DA:104,0
DA:105,0
DA:106,0
DA:109,0
DA:110,0
DA:112,0
DA:117,0
DA:118,0
DA:119,0
DA:121,0
DA:125,0
DA:128,0
DA:129,0
DA:133,0
DA:135,0
DA:136,0
DA:137,0
DA:138,0
DA:141,0
DA:143,0
DA:144,0
DA:145,0
DA:146,0
DA:149,0
DA:151,0
DA:152,0
DA:153,0
DA:154,0
DA:157,0
DA:160,0
DA:163,0
DA:164,0
DA:166,0
DA:167,0
DA:168,0
DA:169,0
DA:171,0
LF:84
LH:0
end_of_record
SF:lib/firebase/profile_view.dart
DA:16,0
DA:19,7
DA:21,1
DA:23,2
DA:24,1
DA:25,1
DA:26,1
DA:27,1
DA:30,0
DA:38,8
DA:40,1
DA:42,1
DA:43,1
DA:44,1
DA:46,1
DA:47,1
DA:50,1
DA:51,1
DA:52,1
DA:56,1
DA:58,1
DA:59,2
DA:62,1
DA:63,1
DA:64,1
DA:65,1
DA:68,1
DA:69,1
DA:71,1
DA:72,2
DA:73,1
DA:74,1
DA:75,1
DA:77,2
DA:81,1
DA:83,1
DA:84,2
DA:85,1
DA:86,1
DA:87,1
DA:89,2
DA:99,0
DA:102,0
DA:103,0
DA:113,0
DA:115,0
DA:116,0
DA:117,0
DA:118,0
DA:121,0
DA:122,0
DA:125,0
DA:130,0
DA:131,0
DA:132,0
DA:133,0
DA:135,0
DA:136,0
DA:137,0
DA:139,0
DA:140,0
DA:141,0
DA:142,0
DA:144,0
DA:147,0
DA:149,0
DA:150,0
DA:151,0
DA:152,0
DA:154,0
DA:164,0
DA:166,0
DA:171,0
DA:176,0
DA:177,0
DA:180,0
DA:182,0
DA:183,0
DA:184,0
DA:185,0
DA:186,0
DA:188,0
DA:189,0
DA:192,0
DA:193,0
DA:195,0
DA:196,0
DA:197,0
DA:199,0
DA:209,0
DA:210,0
DA:212,0
DA:213,0
DA:215,0
DA:216,0
DA:220,0
DA:221,0
DA:223,0
DA:224,0
DA:225,0
DA:228,0
DA:229,0
DA:230,0
DA:231,0
DA:232,0
DA:237,0
DA:238,0
DA:240,0
DA:242,0
DA:243,0
DA:245,0
DA:246,0
DA:247,0
DA:250,0
DA:251,0
DA:253,0
DA:255,0
DA:256,0
DA:257,0
DA:260,0
DA:261,0
DA:262,0
DA:263,0
DA:273,6
DA:274,0
DA:275,0
DA:282,0
DA:284,0
DA:285,0
DA:288,0
DA:290,0
DA:291,0
DA:294,0
DA:296,0
DA:297,0
DA:298,0
DA:299,0
DA:300,0
DA:301,0
DA:302,0
DA:304,0
DA:305,0
DA:310,0
DA:312,0
DA:313,0
DA:314,0
DA:315,0
DA:316,0
DA:318,0
DA:319,0
DA:321,0
DA:322,0
DA:334,0
DA:337,0
DA:339,0
DA:340,0
DA:341,0
DA:343,0
DA:344,0
DA:345,0
DA:346,0
DA:347,0
LF:162
LH:40
end_of_record
SF:lib/leaderboard/update_firestore_data.dart
DA:4,0
DA:6,0
DA:10,0
DA:11,0
DA:12,0
DA:14,0
DA:15,0
DA:16,0
DA:20,0
DA:26,0
DA:28,0
DA:31,0
DA:32,0
DA:33,0
DA:34,0
DA:35,0
LF:16
LH:0
end_of_record
SF:lib/styles.dart
DA:5,0
DA:6,8
DA:7,6
DA:8,8
DA:9,6
DA:12,0
DA:13,0
DA:15,0
DA:16,0
DA:18,9
DA:19,3
DA:21,12
DA:22,4
DA:24,3
DA:25,1
DA:27,0
DA:28,0
DA:30,0
DA:32,0
DA:33,0
DA:35,12
DA:37,6
DA:38,6
DA:40,12
DA:42,12
DA:43,0
DA:44,0
LF:27
LH:15
end_of_record
SF:lib/difficulty_page.dart
DA:15,7
DA:17,1
DA:18,1
DA:19,1
DA:20,1
DA:22,1
DA:27,1
DA:29,1
DA:30,1
DA:33,1
DA:34,1
DA:36,1
DA:37,1
DA:40,1
DA:41,2
DA:47,1
DA:54,1
DA:57,1
DA:58,2
DA:64,1
DA:71,1
DA:74,1
DA:75,2
DA:81,1
LF:24
LH:24
end_of_record
SF:lib/game_page.dart
DA:12,6
DA:14,0
DA:15,0
DA:21,0
DA:23,0
DA:25,0
DA:26,0
DA:27,0
DA:28,0
DA:29,0
DA:31,0
DA:32,0
DA:35,0
DA:36,0
DA:41,0
DA:43,0
DA:44,0
DA:46,0
DA:48,0
DA:49,0
DA:51,0
DA:52,0
DA:54,0
DA:55,0
DA:56,0
DA:57,0
DA:58,0
DA:62,0
DA:67,0
DA:68,0
DA:69,0
DA:70,0
DA:71,0
DA:72,0
DA:74,0
DA:76,0
DA:77,0
DA:80,0
DA:81,0
DA:82,0
LF:40
LH:1
end_of_record
SF:lib/firebase/auto_login.dart
DA:5,0
DA:7,0
DA:8,0
DA:10,0
DA:11,0
DA:15,0
DA:16,0
DA:20,0
DA:22,0
DA:28,0
LF:10
LH:0
end_of_record
SF:lib/firebase/firebase_options.dart
DA:19,0
DA:23,0
DA:24,0
DA:26,0
DA:28,0
DA:30,0
DA:31,0
DA:35,0
DA:36,0
DA:41,0
LF:10
LH:0
end_of_record
SF:lib/firebase/login_register_page.dart
DA:16,0
DA:17,0
DA:20,0
DA:22,0
DA:25,0
DA:27,0
DA:30,0
DA:32,0
DA:35,0
DA:36,0
DA:37,0
DA:40,0
DA:43,0
DA:45,0
DA:48,0
DA:50,0
DA:53,0
DA:55,0
DA:58,0
DA:63,0
DA:66,0
DA:68,0
DA:69,0
DA:70,0
DA:71,0
DA:74,0
DA:77,0
DA:78,0
DA:80,0
DA:86,0
DA:88,0
DA:90,0
DA:91,0
DA:92,0
DA:94,0
DA:95,0
DA:96,0
DA:97,0
LF:38
LH:0
end_of_record
SF:lib/main.dart
DA:13,0
DA:14,0
DA:15,0
DA:17,0
DA:20,0
LF:5
LH:0
end_of_record
SF:lib/firebase/login_view.dart
DA:15,10
DA:17,3
DA:18,3
DA:28,3
DA:30,6
DA:31,6
DA:32,3
DA:35,3
DA:37,6
DA:38,6
DA:39,3
DA:42,3
DA:44,3
DA:45,3
DA:46,9
DA:47,3
DA:48,3
DA:49,3
DA:50,3
DA:51,3
DA:52,3
DA:53,3
DA:55,3
DA:56,3
DA:60,3
DA:61,3
DA:63,3
DA:64,3
DA:65,3
DA:69,3
DA:70,3
DA:72,3
DA:73,3
DA:74,1
DA:75,1
DA:76,2
DA:77,2
DA:80,2
DA:85,0
DA:90,0
DA:91,0
DA:94,6
DA:96,3
DA:98,3
DA:99,6
DA:100,3
DA:101,1
DA:102,1
DA:105,6
DA:109,3
DA:110,3
DA:111,0
DA:112,0
DA:116,0
DA:117,0
DA:119,3
DA:120,6
DA:122,6
LF:58
LH:51
end_of_record
SF:lib/firebase/register_view.dart
DA:11,10
DA:13,3
DA:14,3
DA:29,0
DA:31,0
DA:36,0
DA:37,0
DA:38,0
DA:39,0
DA:43,3
DA:45,6
DA:46,6
DA:47,6
DA:48,3
DA:51,3
DA:53,6
DA:54,6
DA:55,6
DA:56,3
DA:59,3
DA:61,3
DA:62,3
DA:63,3
DA:65,3
DA:67,3
DA:68,3
DA:69,3
DA:70,3
DA:71,3
DA:72,3
DA:73,3
DA:74,3
DA:75,3
DA:76,3
DA:80,3
DA:81,3
DA:83,3
DA:84,3
DA:85,3
DA:89,3
DA:90,3
DA:92,3
DA:93,3
DA:95,6
DA:97,3
DA:98,3
DA:99,3
DA:100,3
DA:106,6
DA:108,3
DA:109,3
DA:110,0
DA:111,0
DA:112,0
DA:114,0
DA:115,0
DA:117,0
DA:118,0
DA:119,0
DA:121,0
DA:125,0
DA:130,0
DA:132,0
DA:133,0
DA:136,0
DA:137,0
DA:141,6
DA:143,3
DA:145,3
DA:146,6
DA:147,3
DA:148,1
DA:149,1
DA:151,6
DA:155,3
DA:156,3
DA:157,0
DA:158,0
DA:162,0
DA:163,0
DA:165,3
DA:166,6
DA:168,6
LF:83
LH:58
end_of_record
SF:lib/home_page.dart
DA:7,7
DA:10,0
DA:11,0
DA:17,0
DA:19,0
DA:20,0
DA:23,0
DA:26,0
DA:27,0
DA:30,0
DA:33,0
DA:37,0
DA:40,0
DA:41,0
DA:42,0
DA:44,0
DA:50,0
DA:51,0
DA:52,0
DA:70,0
DA:71,0
LF:21
LH:1
end_of_record
SF:lib/firebase/user_auth.dart
DA:11,3
DA:13,0
DA:15,1
DA:18,1
DA:19,1
DA:21,0
DA:22,0
DA:23,0
DA:24,0
DA:25,0
DA:26,0
DA:29,0
DA:30,0
DA:31,0
DA:32,0
DA:33,0
DA:35,0
DA:41,0
DA:44,0
DA:45,0
DA:47,0
DA:48,0
DA:50,0
DA:51,0
DA:52,0
DA:53,0
DA:54,0
DA:55,0
DA:58,0
DA:59,0
DA:60,0
DA:61,0
DA:62,0
DA:63,0
DA:64,0
DA:66,0
DA:72,0
DA:73,0
DA:74,0
DA:75,0
DA:76,0
LF:41
LH:4
end_of_record
SF:lib/firebase/logout.dart
DA:12,0
DA:16,0
DA:18,0
DA:19,0
DA:21,0
DA:22,0
DA:24,0
DA:25,0
DA:26,0
DA:28,0
LF:10
LH:0
end_of_record
SF:lib/image_helper.dart
DA:8,0
DA:11,0
DA:12,0
DA:14,0
DA:18,0
DA:24,0
DA:28,0
DA:30,0
DA:32,0
DA:33,0
DA:34,0
LF:11
LH:0
end_of_record
SF:lib/game_state.dart
DA:20,2
DA:21,4
DA:24,0
DA:26,2
DA:27,4
DA:28,4
DA:29,4
DA:30,4
DA:31,4
DA:32,2
DA:33,2
DA:34,2
DA:35,2
DA:36,1
DA:37,1
DA:38,1
DA:40,1
DA:41,1
DA:42,1
DA:44,2
DA:45,2
DA:48,1
DA:49,2
DA:50,2
DA:51,2
DA:52,3
DA:53,0
DA:54,0
DA:55,1
DA:59,1
DA:60,1
DA:61,1
DA:62,1
DA:63,1
DA:68,2
DA:69,0
DA:70,0
DA:71,2
DA:72,2
DA:73,2
DA:74,2
DA:75,2
DA:76,2
DA:77,0
DA:78,0
DA:79,0
DA:80,0
DA:81,2
DA:83,0
DA:84,0
DA:85,0
DA:86,0
DA:87,0
DA:88,0
DA:89,0
DA:92,0
DA:94,0
DA:96,0
DA:98,0
DA:103,0
DA:104,0
DA:107,0
DA:108,0
DA:111,0
DA:112,0
DA:119,2
DA:121,6
DA:122,2
DA:123,6
DA:125,2
DA:126,6
DA:127,6
DA:129,2
DA:132,2
DA:133,2
DA:134,6
DA:135,2
DA:137,2
LF:78
LH:52
end_of_record
SF:lib/leaderboard/leaderboard_page.dart
DA:9,6
DA:11,0
DA:13,0
DA:14,0
DA:21,0
DA:22,0
DA:23,0
DA:24,0
DA:26,0
DA:27,0
DA:28,0
DA:30,0
DA:43,6
DA:45,0
DA:46,0
DA:54,0
DA:55,0
DA:56,0
DA:57,0
DA:58,0
DA:59,0
DA:60,0
DA:61,0
DA:64,0
DA:67,0
DA:68,0
DA:69,0
DA:70,0
DA:73,0
DA:78,0
DA:80,0
DA:81,0
DA:82,0
DA:83,0
DA:85,0
DA:86,0
DA:88,0
DA:89,0
DA:90,0
DA:91,0
DA:92,0
DA:94,0
DA:95,0
DA:96,0
DA:98,0
DA:99,0
DA:100,0
DA:102,0
DA:103,0
DA:104,0
DA:105,0
DA:106,0
DA:107,0
DA:110,0
DA:116,0
DA:117,0
DA:118,0
DA:129,0
DA:138,0
DA:140,0
DA:143,0
DA:144,0
DA:146,0
DA:148,0
DA:150,0
DA:152,0
DA:154,0
DA:162,6
DA:164,0
DA:166,0
DA:168,0
DA:169,0
DA:170,0
DA:172,0
DA:179,6
DA:181,0
DA:183,0
DA:186,0
DA:187,0
DA:189,0
DA:191,0
DA:193,0
DA:195,0
DA:197,0
LF:84
LH:4
end_of_record
SF:lib/main_menu_page.dart
DA:6,7
DA:8,1
DA:9,1
DA:13,1
DA:15,1
DA:16,1
DA:17,1
DA:18,1
DA:19,1
DA:20,2
DA:21,2
DA:22,2
DA:23,1
DA:24,0
DA:25,0
DA:27,1
DA:29,4
DA:30,1
DA:31,1
DA:32,1
DA:35,2
DA:38,2
LF:22
LH:20
end_of_record
SF:lib/leaderboard/player_account.dart
DA:13,0
LF:1
LH:0
end_of_record
